Determining if the include file link.h exists failed with the following output:
Change Dir: /Users/marcos/code/github.com/minond/kaleidoscope/llvm/CMakeFiles/CMakeTmp

Run Build Command:"/usr/bin/make" "cmTC_0cc0d/fast"
/Library/Developer/CommandLineTools/usr/bin/make -f CMakeFiles/cmTC_0cc0d.dir/build.make CMakeFiles/cmTC_0cc0d.dir/build
Building C object CMakeFiles/cmTC_0cc0d.dir/CheckIncludeFile.c.o
/Library/Developer/CommandLineTools/usr/bin/cc    -o CMakeFiles/cmTC_0cc0d.dir/CheckIncludeFile.c.o   -c /Users/marcos/code/github.com/minond/kaleidoscope/llvm/CMakeFiles/CMakeTmp/CheckIncludeFile.c
/Users/marcos/code/github.com/minond/kaleidoscope/llvm/CMakeFiles/CMakeTmp/CheckIncludeFile.c:1:10: fatal error: 'link.h' file not found
#include <link.h>
         ^~~~~~~~
1 error generated.
make[1]: *** [CMakeFiles/cmTC_0cc0d.dir/CheckIncludeFile.c.o] Error 1
make: *** [cmTC_0cc0d/fast] Error 2


Determining if the include file malloc.h exists failed with the following output:
Change Dir: /Users/marcos/code/github.com/minond/kaleidoscope/llvm/CMakeFiles/CMakeTmp

Run Build Command:"/usr/bin/make" "cmTC_3024d/fast"
/Library/Developer/CommandLineTools/usr/bin/make -f CMakeFiles/cmTC_3024d.dir/build.make CMakeFiles/cmTC_3024d.dir/build
Building C object CMakeFiles/cmTC_3024d.dir/CheckIncludeFile.c.o
/Library/Developer/CommandLineTools/usr/bin/cc    -o CMakeFiles/cmTC_3024d.dir/CheckIncludeFile.c.o   -c /Users/marcos/code/github.com/minond/kaleidoscope/llvm/CMakeFiles/CMakeTmp/CheckIncludeFile.c
/Users/marcos/code/github.com/minond/kaleidoscope/llvm/CMakeFiles/CMakeTmp/CheckIncludeFile.c:1:10: fatal error: 'malloc.h' file not found
#include <malloc.h>
         ^~~~~~~~~~
1 error generated.
make[1]: *** [CMakeFiles/cmTC_3024d.dir/CheckIncludeFile.c.o] Error 1
make: *** [cmTC_3024d/fast] Error 2


Determining if the include file ndir.h exists failed with the following output:
Change Dir: /Users/marcos/code/github.com/minond/kaleidoscope/llvm/CMakeFiles/CMakeTmp

Run Build Command:"/usr/bin/make" "cmTC_08a96/fast"
/Library/Developer/CommandLineTools/usr/bin/make -f CMakeFiles/cmTC_08a96.dir/build.make CMakeFiles/cmTC_08a96.dir/build
Building C object CMakeFiles/cmTC_08a96.dir/CheckIncludeFile.c.o
/Library/Developer/CommandLineTools/usr/bin/cc    -o CMakeFiles/cmTC_08a96.dir/CheckIncludeFile.c.o   -c /Users/marcos/code/github.com/minond/kaleidoscope/llvm/CMakeFiles/CMakeTmp/CheckIncludeFile.c
/Users/marcos/code/github.com/minond/kaleidoscope/llvm/CMakeFiles/CMakeTmp/CheckIncludeFile.c:1:10: fatal error: 'ndir.h' file not found
#include <ndir.h>
         ^~~~~~~~
1 error generated.
make[1]: *** [CMakeFiles/cmTC_08a96.dir/CheckIncludeFile.c.o] Error 1
make: *** [cmTC_08a96/fast] Error 2


Determining if the include file sys/ndir.h exists failed with the following output:
Change Dir: /Users/marcos/code/github.com/minond/kaleidoscope/llvm/CMakeFiles/CMakeTmp

Run Build Command:"/usr/bin/make" "cmTC_df979/fast"
/Library/Developer/CommandLineTools/usr/bin/make -f CMakeFiles/cmTC_df979.dir/build.make CMakeFiles/cmTC_df979.dir/build
Building C object CMakeFiles/cmTC_df979.dir/CheckIncludeFile.c.o
/Library/Developer/CommandLineTools/usr/bin/cc    -o CMakeFiles/cmTC_df979.dir/CheckIncludeFile.c.o   -c /Users/marcos/code/github.com/minond/kaleidoscope/llvm/CMakeFiles/CMakeTmp/CheckIncludeFile.c
/Users/marcos/code/github.com/minond/kaleidoscope/llvm/CMakeFiles/CMakeTmp/CheckIncludeFile.c:1:10: fatal error: 'sys/ndir.h' file not found
#include <sys/ndir.h>
         ^~~~~~~~~~~~
1 error generated.
make[1]: *** [CMakeFiles/cmTC_df979.dir/CheckIncludeFile.c.o] Error 1
make: *** [cmTC_df979/fast] Error 2


Determining if the include file valgrind/valgrind.h exists failed with the following output:
Change Dir: /Users/marcos/code/github.com/minond/kaleidoscope/llvm/CMakeFiles/CMakeTmp

Run Build Command:"/usr/bin/make" "cmTC_9dc5e/fast"
/Library/Developer/CommandLineTools/usr/bin/make -f CMakeFiles/cmTC_9dc5e.dir/build.make CMakeFiles/cmTC_9dc5e.dir/build
Building C object CMakeFiles/cmTC_9dc5e.dir/CheckIncludeFile.c.o
/Library/Developer/CommandLineTools/usr/bin/cc    -o CMakeFiles/cmTC_9dc5e.dir/CheckIncludeFile.c.o   -c /Users/marcos/code/github.com/minond/kaleidoscope/llvm/CMakeFiles/CMakeTmp/CheckIncludeFile.c
/Users/marcos/code/github.com/minond/kaleidoscope/llvm/CMakeFiles/CMakeTmp/CheckIncludeFile.c:1:10: fatal error: 'valgrind/valgrind.h' file not found
#include <valgrind/valgrind.h>
         ^~~~~~~~~~~~~~~~~~~~~
1 error generated.
make[1]: *** [CMakeFiles/cmTC_9dc5e.dir/CheckIncludeFile.c.o] Error 1
make: *** [cmTC_9dc5e/fast] Error 2


Determining if the include file CrashReporterClient.h exists failed with the following output:
Change Dir: /Users/marcos/code/github.com/minond/kaleidoscope/llvm/CMakeFiles/CMakeTmp

Run Build Command:"/usr/bin/make" "cmTC_64f3e/fast"
/Library/Developer/CommandLineTools/usr/bin/make -f CMakeFiles/cmTC_64f3e.dir/build.make CMakeFiles/cmTC_64f3e.dir/build
Building C object CMakeFiles/cmTC_64f3e.dir/CheckIncludeFile.c.o
/Library/Developer/CommandLineTools/usr/bin/cc    -o CMakeFiles/cmTC_64f3e.dir/CheckIncludeFile.c.o   -c /Users/marcos/code/github.com/minond/kaleidoscope/llvm/CMakeFiles/CMakeTmp/CheckIncludeFile.c
/Users/marcos/code/github.com/minond/kaleidoscope/llvm/CMakeFiles/CMakeTmp/CheckIncludeFile.c:1:10: fatal error: 'CrashReporterClient.h' file not found
#include <CrashReporterClient.h>
         ^~~~~~~~~~~~~~~~~~~~~~~
1 error generated.
make[1]: *** [CMakeFiles/cmTC_64f3e.dir/CheckIncludeFile.c.o] Error 1
make: *** [cmTC_64f3e/fast] Error 2


Determining if the function clock_gettime exists in the rt failed with the following output:
Change Dir: /Users/marcos/code/github.com/minond/kaleidoscope/llvm/CMakeFiles/CMakeTmp

Run Build Command:"/usr/bin/make" "cmTC_29da7/fast"
/Library/Developer/CommandLineTools/usr/bin/make -f CMakeFiles/cmTC_29da7.dir/build.make CMakeFiles/cmTC_29da7.dir/build
Building C object CMakeFiles/cmTC_29da7.dir/CheckFunctionExists.c.o
/Library/Developer/CommandLineTools/usr/bin/cc   -DCHECK_FUNCTION_EXISTS=clock_gettime   -o CMakeFiles/cmTC_29da7.dir/CheckFunctionExists.c.o   -c /usr/local/Cellar/cmake/3.8.2/share/cmake/Modules/CheckFunctionExists.c
Linking C executable cmTC_29da7
/usr/local/Cellar/cmake/3.8.2/bin/cmake -E cmake_link_script CMakeFiles/cmTC_29da7.dir/link.txt --verbose=1
/Library/Developer/CommandLineTools/usr/bin/cc  -DCHECK_FUNCTION_EXISTS=clock_gettime -Wl,-search_paths_first -Wl,-headerpad_max_install_names   CMakeFiles/cmTC_29da7.dir/CheckFunctionExists.c.o  -o cmTC_29da7 -lrt -lm 
ld: library not found for -lrt
clang: error: linker command failed with exit code 1 (use -v to see invocation)
make[1]: *** [cmTC_29da7] Error 1
make: *** [cmTC_29da7/fast] Error 2


Determining if the function setupterm exists in the tinfo failed with the following output:
Change Dir: /Users/marcos/code/github.com/minond/kaleidoscope/llvm/CMakeFiles/CMakeTmp

Run Build Command:"/usr/bin/make" "cmTC_d5741/fast"
/Library/Developer/CommandLineTools/usr/bin/make -f CMakeFiles/cmTC_d5741.dir/build.make CMakeFiles/cmTC_d5741.dir/build
Building C object CMakeFiles/cmTC_d5741.dir/CheckFunctionExists.c.o
/Library/Developer/CommandLineTools/usr/bin/cc   -DCHECK_FUNCTION_EXISTS=setupterm   -o CMakeFiles/cmTC_d5741.dir/CheckFunctionExists.c.o   -c /usr/local/Cellar/cmake/3.8.2/share/cmake/Modules/CheckFunctionExists.c
Linking C executable cmTC_d5741
/usr/local/Cellar/cmake/3.8.2/bin/cmake -E cmake_link_script CMakeFiles/cmTC_d5741.dir/link.txt --verbose=1
/Library/Developer/CommandLineTools/usr/bin/cc  -DCHECK_FUNCTION_EXISTS=setupterm -Wl,-search_paths_first -Wl,-headerpad_max_install_names   CMakeFiles/cmTC_d5741.dir/CheckFunctionExists.c.o  -o cmTC_d5741 -ltinfo -lm 
ld: library not found for -ltinfo
clang: error: linker command failed with exit code 1 (use -v to see invocation)
make[1]: *** [cmTC_d5741] Error 1
make: *** [cmTC_d5741/fast] Error 2


Determining if the function setupterm exists in the terminfo failed with the following output:
Change Dir: /Users/marcos/code/github.com/minond/kaleidoscope/llvm/CMakeFiles/CMakeTmp

Run Build Command:"/usr/bin/make" "cmTC_01c0a/fast"
/Library/Developer/CommandLineTools/usr/bin/make -f CMakeFiles/cmTC_01c0a.dir/build.make CMakeFiles/cmTC_01c0a.dir/build
Building C object CMakeFiles/cmTC_01c0a.dir/CheckFunctionExists.c.o
/Library/Developer/CommandLineTools/usr/bin/cc   -DCHECK_FUNCTION_EXISTS=setupterm   -o CMakeFiles/cmTC_01c0a.dir/CheckFunctionExists.c.o   -c /usr/local/Cellar/cmake/3.8.2/share/cmake/Modules/CheckFunctionExists.c
Linking C executable cmTC_01c0a
/usr/local/Cellar/cmake/3.8.2/bin/cmake -E cmake_link_script CMakeFiles/cmTC_01c0a.dir/link.txt --verbose=1
/Library/Developer/CommandLineTools/usr/bin/cc  -DCHECK_FUNCTION_EXISTS=setupterm -Wl,-search_paths_first -Wl,-headerpad_max_install_names   CMakeFiles/cmTC_01c0a.dir/CheckFunctionExists.c.o  -o cmTC_01c0a -lterminfo -lm 
ld: library not found for -lterminfo
clang: error: linker command failed with exit code 1 (use -v to see invocation)
make[1]: *** [cmTC_01c0a] Error 1
make: *** [cmTC_01c0a/fast] Error 2


Determining if the futimens exist failed with the following output:
Change Dir: /Users/marcos/code/github.com/minond/kaleidoscope/llvm/CMakeFiles/CMakeTmp

Run Build Command:"/usr/bin/make" "cmTC_a951f/fast"
/Library/Developer/CommandLineTools/usr/bin/make -f CMakeFiles/cmTC_a951f.dir/build.make CMakeFiles/cmTC_a951f.dir/build
Building C object CMakeFiles/cmTC_a951f.dir/CheckSymbolExists.c.o
/Library/Developer/CommandLineTools/usr/bin/cc    -o CMakeFiles/cmTC_a951f.dir/CheckSymbolExists.c.o   -c /Users/marcos/code/github.com/minond/kaleidoscope/llvm/CMakeFiles/CMakeTmp/CheckSymbolExists.c
/Users/marcos/code/github.com/minond/kaleidoscope/llvm/CMakeFiles/CMakeTmp/CheckSymbolExists.c:8:19: error: use of undeclared identifier 'futimens'
  return ((int*)(&futimens))[argc];
                  ^
1 error generated.
make[1]: *** [CMakeFiles/cmTC_a951f.dir/CheckSymbolExists.c.o] Error 1
make: *** [cmTC_a951f/fast] Error 2

File /Users/marcos/code/github.com/minond/kaleidoscope/llvm/CMakeFiles/CMakeTmp/CheckSymbolExists.c:
/* */
#include <sys/stat.h>

int main(int argc, char** argv)
{
  (void)argv;
#ifndef futimens
  return ((int*)(&futimens))[argc];
#else
  (void)argc;
  return 0;
#endif
}

Determining if the posix_fallocate exist failed with the following output:
Change Dir: /Users/marcos/code/github.com/minond/kaleidoscope/llvm/CMakeFiles/CMakeTmp

Run Build Command:"/usr/bin/make" "cmTC_3a3ea/fast"
/Library/Developer/CommandLineTools/usr/bin/make -f CMakeFiles/cmTC_3a3ea.dir/build.make CMakeFiles/cmTC_3a3ea.dir/build
Building C object CMakeFiles/cmTC_3a3ea.dir/CheckSymbolExists.c.o
/Library/Developer/CommandLineTools/usr/bin/cc    -o CMakeFiles/cmTC_3a3ea.dir/CheckSymbolExists.c.o   -c /Users/marcos/code/github.com/minond/kaleidoscope/llvm/CMakeFiles/CMakeTmp/CheckSymbolExists.c
/Users/marcos/code/github.com/minond/kaleidoscope/llvm/CMakeFiles/CMakeTmp/CheckSymbolExists.c:8:19: error: use of undeclared identifier 'posix_fallocate'
  return ((int*)(&posix_fallocate))[argc];
                  ^
1 error generated.
make[1]: *** [CMakeFiles/cmTC_3a3ea.dir/CheckSymbolExists.c.o] Error 1
make: *** [cmTC_3a3ea/fast] Error 2

File /Users/marcos/code/github.com/minond/kaleidoscope/llvm/CMakeFiles/CMakeTmp/CheckSymbolExists.c:
/* */
#include <fcntl.h>

int main(int argc, char** argv)
{
  (void)argv;
#ifndef posix_fallocate
  return ((int*)(&posix_fallocate))[argc];
#else
  (void)argc;
  return 0;
#endif
}

Determining if the lseek64 exist failed with the following output:
Change Dir: /Users/marcos/code/github.com/minond/kaleidoscope/llvm/CMakeFiles/CMakeTmp

Run Build Command:"/usr/bin/make" "cmTC_5f744/fast"
/Library/Developer/CommandLineTools/usr/bin/make -f CMakeFiles/cmTC_5f744.dir/build.make CMakeFiles/cmTC_5f744.dir/build
Building C object CMakeFiles/cmTC_5f744.dir/CheckSymbolExists.c.o
/Library/Developer/CommandLineTools/usr/bin/cc -D_LARGEFILE64_SOURCE   -o CMakeFiles/cmTC_5f744.dir/CheckSymbolExists.c.o   -c /Users/marcos/code/github.com/minond/kaleidoscope/llvm/CMakeFiles/CMakeTmp/CheckSymbolExists.c
/Users/marcos/code/github.com/minond/kaleidoscope/llvm/CMakeFiles/CMakeTmp/CheckSymbolExists.c:9:19: error: use of undeclared identifier 'lseek64'; did you mean 'lseek'?
  return ((int*)(&lseek64))[argc];
                  ^~~~~~~
                  lseek
/usr/include/unistd.h:464:8: note: 'lseek' declared here
off_t    lseek(int, off_t, int);
         ^
1 error generated.
make[1]: *** [CMakeFiles/cmTC_5f744.dir/CheckSymbolExists.c.o] Error 1
make: *** [cmTC_5f744/fast] Error 2

File /Users/marcos/code/github.com/minond/kaleidoscope/llvm/CMakeFiles/CMakeTmp/CheckSymbolExists.c:
/* */
#include <sys/types.h>
#include <unistd.h>

int main(int argc, char** argv)
{
  (void)argv;
#ifndef lseek64
  return ((int*)(&lseek64))[argc];
#else
  (void)argc;
  return 0;
#endif
}

Determining if the mallctl exist failed with the following output:
Change Dir: /Users/marcos/code/github.com/minond/kaleidoscope/llvm/CMakeFiles/CMakeTmp

Run Build Command:"/usr/bin/make" "cmTC_0cf57/fast"
/Library/Developer/CommandLineTools/usr/bin/make -f CMakeFiles/cmTC_0cf57.dir/build.make CMakeFiles/cmTC_0cf57.dir/build
Building C object CMakeFiles/cmTC_0cf57.dir/CheckSymbolExists.c.o
/Library/Developer/CommandLineTools/usr/bin/cc    -o CMakeFiles/cmTC_0cf57.dir/CheckSymbolExists.c.o   -c /Users/marcos/code/github.com/minond/kaleidoscope/llvm/CMakeFiles/CMakeTmp/CheckSymbolExists.c
/Users/marcos/code/github.com/minond/kaleidoscope/llvm/CMakeFiles/CMakeTmp/CheckSymbolExists.c:2:10: fatal error: 'malloc_np.h' file not found
#include <malloc_np.h>
         ^~~~~~~~~~~~~
1 error generated.
make[1]: *** [CMakeFiles/cmTC_0cf57.dir/CheckSymbolExists.c.o] Error 1
make: *** [cmTC_0cf57/fast] Error 2

File /Users/marcos/code/github.com/minond/kaleidoscope/llvm/CMakeFiles/CMakeTmp/CheckSymbolExists.c:
/* */
#include <malloc_np.h>

int main(int argc, char** argv)
{
  (void)argv;
#ifndef mallctl
  return ((int*)(&mallctl))[argc];
#else
  (void)argc;
  return 0;
#endif
}

Determining if the mallinfo exist failed with the following output:
Change Dir: /Users/marcos/code/github.com/minond/kaleidoscope/llvm/CMakeFiles/CMakeTmp

Run Build Command:"/usr/bin/make" "cmTC_eea17/fast"
/Library/Developer/CommandLineTools/usr/bin/make -f CMakeFiles/cmTC_eea17.dir/build.make CMakeFiles/cmTC_eea17.dir/build
Building C object CMakeFiles/cmTC_eea17.dir/CheckSymbolExists.c.o
/Library/Developer/CommandLineTools/usr/bin/cc    -o CMakeFiles/cmTC_eea17.dir/CheckSymbolExists.c.o   -c /Users/marcos/code/github.com/minond/kaleidoscope/llvm/CMakeFiles/CMakeTmp/CheckSymbolExists.c
/Users/marcos/code/github.com/minond/kaleidoscope/llvm/CMakeFiles/CMakeTmp/CheckSymbolExists.c:2:10: fatal error: 'malloc.h' file not found
#include <malloc.h>
         ^~~~~~~~~~
1 error generated.
make[1]: *** [CMakeFiles/cmTC_eea17.dir/CheckSymbolExists.c.o] Error 1
make: *** [cmTC_eea17/fast] Error 2

File /Users/marcos/code/github.com/minond/kaleidoscope/llvm/CMakeFiles/CMakeTmp/CheckSymbolExists.c:
/* */
#include <malloc.h>

int main(int argc, char** argv)
{
  (void)argv;
#ifndef mallinfo
  return ((int*)(&mallinfo))[argc];
#else
  (void)argc;
  return 0;
#endif
}

Determining if the strerror_s exist failed with the following output:
Change Dir: /Users/marcos/code/github.com/minond/kaleidoscope/llvm/CMakeFiles/CMakeTmp

Run Build Command:"/usr/bin/make" "cmTC_7f8f4/fast"
/Library/Developer/CommandLineTools/usr/bin/make -f CMakeFiles/cmTC_7f8f4.dir/build.make CMakeFiles/cmTC_7f8f4.dir/build
Building C object CMakeFiles/cmTC_7f8f4.dir/CheckSymbolExists.c.o
/Library/Developer/CommandLineTools/usr/bin/cc    -o CMakeFiles/cmTC_7f8f4.dir/CheckSymbolExists.c.o   -c /Users/marcos/code/github.com/minond/kaleidoscope/llvm/CMakeFiles/CMakeTmp/CheckSymbolExists.c
/Users/marcos/code/github.com/minond/kaleidoscope/llvm/CMakeFiles/CMakeTmp/CheckSymbolExists.c:8:19: error: use of undeclared identifier 'strerror_s'; did you mean 'strerror_r'?
  return ((int*)(&strerror_s))[argc];
                  ^~~~~~~~~~
                  strerror_r
/usr/include/string.h:116:6: note: 'strerror_r' declared here
int      strerror_r(int __errnum, char *__strerrbuf, size_t __buflen);
         ^
1 error generated.
make[1]: *** [CMakeFiles/cmTC_7f8f4.dir/CheckSymbolExists.c.o] Error 1
make: *** [cmTC_7f8f4/fast] Error 2

File /Users/marcos/code/github.com/minond/kaleidoscope/llvm/CMakeFiles/CMakeTmp/CheckSymbolExists.c:
/* */
#include <string.h>

int main(int argc, char** argv)
{
  (void)argv;
#ifndef strerror_s
  return ((int*)(&strerror_s))[argc];
#else
  (void)argc;
  return 0;
#endif
}

Determining if the __GLIBC__ exist failed with the following output:
Change Dir: /Users/marcos/code/github.com/minond/kaleidoscope/llvm/CMakeFiles/CMakeTmp

Run Build Command:"/usr/bin/make" "cmTC_f652e/fast"
/Library/Developer/CommandLineTools/usr/bin/make -f CMakeFiles/cmTC_f652e.dir/build.make CMakeFiles/cmTC_f652e.dir/build
Building C object CMakeFiles/cmTC_f652e.dir/CheckSymbolExists.c.o
/Library/Developer/CommandLineTools/usr/bin/cc    -o CMakeFiles/cmTC_f652e.dir/CheckSymbolExists.c.o   -c /Users/marcos/code/github.com/minond/kaleidoscope/llvm/CMakeFiles/CMakeTmp/CheckSymbolExists.c
/Users/marcos/code/github.com/minond/kaleidoscope/llvm/CMakeFiles/CMakeTmp/CheckSymbolExists.c:8:19: error: use of undeclared identifier '__GLIBC__'
  return ((int*)(&__GLIBC__))[argc];
                  ^
1 error generated.
make[1]: *** [CMakeFiles/cmTC_f652e.dir/CheckSymbolExists.c.o] Error 1
make: *** [cmTC_f652e/fast] Error 2

File /Users/marcos/code/github.com/minond/kaleidoscope/llvm/CMakeFiles/CMakeTmp/CheckSymbolExists.c:
/* */
#include <stdio.h>

int main(int argc, char** argv)
{
  (void)argv;
#ifndef __GLIBC__
  return ((int*)(&__GLIBC__))[argc];
#else
  (void)argc;
  return 0;
#endif
}

